<!doctype html>
<html lang="">
<head>
    <meta charset="UTF-8">
    <meta name="viewport"
          content="width=device-width, user-scalable=no, initial-scale=1.0, maximum-scale=1.0, minimum-scale=1.0">
    <meta http-equiv="X-UA-Compatible" content="ie=edge">
    <title>Test Results Report - TESTY</title>

    <link href="reportng.css" rel="stylesheet" type="text/css"/>
</head>
<body>
<div id="meta">
Generated by <a href="http://www.testng.org" target="_blank">TestNG</a> with <a href="https://github.com/testng-team/reportng" target="_blank">ReportNG</a>
at 22:41 EEST on Wednesday 22 October 2025
    <br/><span
    id="systemInfo">sorinarseni@Sorins-MacBook-Air.local&nbsp;/&nbsp;Java 24.0.1 (Oracle Corporation)&nbsp;/&nbsp;Mac OS X 26.0.1 (aarch64)</span>
</div>
<h1>TESTY</h1>

<p>
    <a href="index.html">Suites</a>
        &#183; <a href="output.html">Log Output</a>
</p>

<p>Test duration
    : 0.320s</p>

    <table class="resultsTable configTable">
        <tr>
            <th class="header failedConfig"
                colspan="3">Failed Configuration</th>
        </tr>
            <tr class="group">
                <td colspan="3">org.example.test.FormTest</td>
            </tr>
    <tr>
        <td class="method">
                beferoTest
        </td>
        <td class="duration">
            0.320s
        </td>
        <td class="result">
            <!-- Display the dependencies for skipped test methods -->


            <!-- Show logger output for the test -->

                <a href="javascript:toggleElement('exception-0', 'block')"
                   title="Click to expand/collapse">
                    <b>org.openqa.selenium.SessionNotCreatedException: Could not start a new session. Possible causes are invalid address of the remote server or browser start-up failure. <br/>
Host info: host: &apos;Sorins-MacBook-Air.local&apos;, ip: &apos;fe80:0:0:0:10b4:5384:4a68:605c%en0&apos;<br/>
Build info: version: &apos;4.36.0&apos;, revision: &apos;6d115cfd87&apos;<br/>
System info: os.name: &apos;Mac OS X&apos;, os.arch: &apos;aarch64&apos;, os.version: &apos;26.0.1&apos;, java.version: &apos;24.0.1&apos;<br/>
Driver info: org.openqa.selenium.remote.RemoteWebDriver<br/>
Command: [null, newSession {capabilities=[Capabilities {browserName: chrome, browserVersion: 128.0, goog:chromeOptions: {args: [], extensions: []}, selenoid:options: {enableLog: true, enableVNC: true, enableVideo: true, env: [TZ=UTC], headless: true, name: Test badge..., noSandbox: true, sessionTimeout: 15m}}]}]<br/>
Capabilities {browserName: chrome, browserVersion: 128.0, goog:chromeOptions: {args: [], extensions: []}, selenoid:options: {enableLog: true, enableVNC: true, enableVideo: true, env: [TZ=UTC], headless: true, name: Test badge..., noSandbox: true, sessionTimeout: 15m}}</b>
                </a>
                <br/>
                <div class="stackTrace" id="exception-0">
                        org.openqa.selenium.remote.RemoteWebDriver.execute(RemoteWebDriver.java:575)<br/>
                        org.openqa.selenium.remote.RemoteWebDriver.startSession(RemoteWebDriver.java:246)<br/>
                        org.openqa.selenium.remote.RemoteWebDriver.&lt;init&gt;(RemoteWebDriver.java:174)<br/>
                        org.openqa.selenium.remote.RemoteWebDriver.&lt;init&gt;(RemoteWebDriver.java:152)<br/>
                        org.example.utils.Driver.getRemoteDriver(Driver.java:52)<br/>
                        org.example.test.FormTest.beferoTest(FormTest.java:30)<br/>
                        java.base/jdk.internal.reflect.DirectMethodHandleAccessor.invoke(DirectMethodHandleAccessor.java:104)<br/>
                        java.base/java.lang.reflect.Method.invoke(Method.java:565)<br/>
                        org.testng.internal.invokers.MethodInvocationHelper.invokeMethod(MethodInvocationHelper.java:141)<br/>
                        org.testng.internal.invokers.MethodInvocationHelper.invokeMethodConsideringTimeout(MethodInvocationHelper.java:71)<br/>
                        org.testng.internal.invokers.ConfigInvoker.invokeConfigurationMethod(ConfigInvoker.java:400)<br/>
                        org.testng.internal.invokers.ConfigInvoker.invokeConfigurations(ConfigInvoker.java:333)<br/>
                        org.testng.internal.invokers.TestMethodWorker.invokeBeforeClassMethods(TestMethodWorker.java:188)<br/>
                        org.testng.internal.invokers.TestMethodWorker.run(TestMethodWorker.java:128)<br/>
                        java.base/java.util.ArrayList.forEach(ArrayList.java:1604)<br/>
                        org.testng.TestRunner.privateRun(TestRunner.java:741)<br/>
                        org.testng.TestRunner.run(TestRunner.java:616)<br/>
                        org.testng.SuiteRunner.runTest(SuiteRunner.java:421)<br/>
                        org.testng.SuiteRunner.runSequentially(SuiteRunner.java:413)<br/>
                        org.testng.SuiteRunner.privateRun(SuiteRunner.java:373)<br/>
                        org.testng.SuiteRunner.run(SuiteRunner.java:312)<br/>
                        org.testng.SuiteRunnerWorker.runSuite(SuiteRunnerWorker.java:52)<br/>
                        org.testng.SuiteRunnerWorker.run(SuiteRunnerWorker.java:95)<br/>
                        org.testng.TestNG.runSuitesSequentially(TestNG.java:1274)<br/>
                        org.testng.TestNG.runSuitesLocally(TestNG.java:1208)<br/>
                        org.testng.TestNG.runSuites(TestNG.java:1112)<br/>
                        org.testng.TestNG.run(TestNG.java:1079)<br/>
                        com.intellij.rt.testng.IDEARemoteTestNG.run(IDEARemoteTestNG.java:65)<br/>
                        com.intellij.rt.testng.RemoteTestNGStarter.main(RemoteTestNGStarter.java:105)<br/>
                        <b>Caused by: </b>
                        <a href="javascript:toggleElement('exception-1', 'block')"
                           title="Click to expand/collapse">
                            java.io.UncheckedIOException: java.net.ConnectException
                        </a>
                        <br/>
                        <div class="stackTrace" id="exception-1">
                                org.openqa.selenium.remote.http.jdk.JdkHttpClient.execute0(JdkHttpClient.java:500)<br/>
                                org.openqa.selenium.remote.http.AddSeleniumUserAgent.lambda$apply$0(AddSeleniumUserAgent.java:42)<br/>
                                org.openqa.selenium.remote.http.Filter.lambda$andFinally$1(Filter.java:55)<br/>
                                org.openqa.selenium.remote.http.jdk.JdkHttpClient.lambda$executeAsync$2(JdkHttpClient.java:387)<br/>
                                java.base/java.util.concurrent.Executors$RunnableAdapter.call(Executors.java:545)<br/>
                                java.base/java.util.concurrent.FutureTask.run$$$capture(FutureTask.java:328)<br/>
                                java.base/java.util.concurrent.FutureTask.run(FutureTask.java)<br/>
                                java.base/java.util.concurrent.ThreadPoolExecutor.runWorker(ThreadPoolExecutor.java:1095)<br/>
                                java.base/java.util.concurrent.ThreadPoolExecutor$Worker.run(ThreadPoolExecutor.java:619)<br/>
                                java.base/java.lang.Thread.run(Thread.java:1447)<br/>
                        </div>
                        <b>Caused by: </b>
                        <a href="javascript:toggleElement('exception-2', 'block')"
                           title="Click to expand/collapse">
                            java.net.ConnectException
                        </a>
                        <br/>
                        <div class="stackTrace" id="exception-2">
                                java.net.http/jdk.internal.net.http.HttpClientImpl.send(HttpClientImpl.java:923)<br/>
                                java.net.http/jdk.internal.net.http.HttpClientFacade.send(HttpClientFacade.java:133)<br/>
                                org.openqa.selenium.remote.http.jdk.JdkHttpClient.execute0(JdkHttpClient.java:459)<br/>
                                org.openqa.selenium.remote.http.AddSeleniumUserAgent.lambda$apply$0(AddSeleniumUserAgent.java:42)<br/>
                                org.openqa.selenium.remote.http.Filter.lambda$andFinally$1(Filter.java:55)<br/>
                                org.openqa.selenium.remote.http.jdk.JdkHttpClient.lambda$executeAsync$2(JdkHttpClient.java:387)<br/>
                                java.base/java.util.concurrent.Executors$RunnableAdapter.call(Executors.java:545)<br/>
                                java.base/java.util.concurrent.FutureTask.run$$$capture(FutureTask.java:328)<br/>
                                java.base/java.util.concurrent.FutureTask.run(FutureTask.java)<br/>
                                java.base/java.util.concurrent.ThreadPoolExecutor.runWorker(ThreadPoolExecutor.java:1095)<br/>
                                java.base/java.util.concurrent.ThreadPoolExecutor$Worker.run(ThreadPoolExecutor.java:619)<br/>
                                java.base/java.lang.Thread.run(Thread.java:1447)<br/>
                        </div>
                        <b>Caused by: </b>
                        <a href="javascript:toggleElement('exception-3', 'block')"
                           title="Click to expand/collapse">
                            java.net.ConnectException
                        </a>
                        <br/>
                        <div class="stackTrace" id="exception-3">
                                java.net.http/jdk.internal.net.http.common.Utils.toConnectException(Utils.java:1046)<br/>
                                java.net.http/jdk.internal.net.http.PlainHttpConnection.connectAsync(PlainHttpConnection.java:215)<br/>
                                java.net.http/jdk.internal.net.http.PlainHttpConnection.checkRetryConnect(PlainHttpConnection.java:268)<br/>
                                java.net.http/jdk.internal.net.http.PlainHttpConnection.lambda$connectAsync$0(PlainHttpConnection.java:226)<br/>
                                java.base/java.util.concurrent.CompletableFuture.uniHandle(CompletableFuture.java:980)<br/>
                                java.base/java.util.concurrent.CompletableFuture$UniHandle.tryFire(CompletableFuture.java:957)<br/>
                                java.base/java.util.concurrent.CompletableFuture.postComplete(CompletableFuture.java:556)<br/>
                                java.base/java.util.concurrent.CompletableFuture$AsyncSupply.run$$$capture(CompletableFuture.java:1819)<br/>
                                java.base/java.util.concurrent.CompletableFuture$AsyncSupply.run(CompletableFuture.java)<br/>
                                java.base/java.util.concurrent.ThreadPoolExecutor.runWorker(ThreadPoolExecutor.java:1095)<br/>
                                java.base/java.util.concurrent.ThreadPoolExecutor$Worker.run(ThreadPoolExecutor.java:619)<br/>
                                java.base/java.lang.Thread.run(Thread.java:1447)<br/>
                        </div>
                        <b>Caused by: </b>
                        <a href="javascript:toggleElement('exception-4', 'block')"
                           title="Click to expand/collapse">
                            java.nio.channels.ClosedChannelException
                        </a>
                        <br/>
                        <div class="stackTrace" id="exception-4">
                                java.base/sun.nio.ch.SocketChannelImpl.ensureOpen(SocketChannelImpl.java:204)<br/>
                                java.base/sun.nio.ch.SocketChannelImpl.connect(SocketChannelImpl.java:942)<br/>
                                java.net.http/jdk.internal.net.http.PlainHttpConnection.connectAsync(PlainHttpConnection.java:203)<br/>
                                java.net.http/jdk.internal.net.http.PlainHttpConnection.checkRetryConnect(PlainHttpConnection.java:268)<br/>
                                java.net.http/jdk.internal.net.http.PlainHttpConnection.lambda$connectAsync$0(PlainHttpConnection.java:226)<br/>
                                java.base/java.util.concurrent.CompletableFuture.uniHandle(CompletableFuture.java:980)<br/>
                                java.base/java.util.concurrent.CompletableFuture$UniHandle.tryFire(CompletableFuture.java:957)<br/>
                                java.base/java.util.concurrent.CompletableFuture.postComplete(CompletableFuture.java:556)<br/>
                                java.base/java.util.concurrent.CompletableFuture$AsyncSupply.run$$$capture(CompletableFuture.java:1819)<br/>
                                java.base/java.util.concurrent.CompletableFuture$AsyncSupply.run(CompletableFuture.java)<br/>
                                java.base/java.util.concurrent.ThreadPoolExecutor.runWorker(ThreadPoolExecutor.java:1095)<br/>
                                java.base/java.util.concurrent.ThreadPoolExecutor$Worker.run(ThreadPoolExecutor.java:619)<br/>
                                java.base/java.lang.Thread.run(Thread.java:1447)<br/>
                        </div>
                </div>
        </td>
    </tr>

            <tr>
                <td colspan="3">&nbsp;</td>
            </tr>
            <tr>
                <td colspan="3"
                    class="header skippedConfig">Skipped Configuration</td>
            </tr>
                <tr class="group">
                    <td colspan="3">org.example.test.FormTest</td>
                </tr>
    <tr>
        <td class="method">
                afterTest
        </td>
        <td class="duration">
            0.000s
        </td>
        <td class="result">
            <!-- Display the dependencies for skipped test methods -->




            <!-- Show logger output for the test -->

        </td>
    </tr>
    </table>


    <table class="resultsTable" width="100%">
        <tr>
            <th colspan="3" class="header skipped">Skipped Tests</th>
        </tr>
            <tr>
                <td class="group" colspan="3">org.example.test.FormTest</td>
            </tr>
    <tr>
        <td class="method">
                formTest
        </td>
        <td class="duration">
            0.000s
        </td>
        <td class="result">
            <!-- Display the dependencies for skipped test methods -->




            <!-- Show logger output for the test -->

        </td>
    </tr>
    </table>


<script type="text/javascript" src="reportng.js"></script>
</body>
